2017-02-24 7:45:01 - cache/catalog/上线图片(1)-1140x380.jpg
2017-02-24 7:45:01 - cache/catalog/母乳图片(1)-1140x380.jpg
2017-02-24 7:45:01 - cache/catalog/营养膳食(1)-1140x380.jpg
2017-02-24 7:45:01 - cache/catalog/newProduct/产后开奶-200x200.png
2017-02-24 7:45:01 - cache/catalog/newProduct/泌乳三次套餐-200x200.png
2017-02-24 7:45:01 - cache/catalog/newProduct/555-200x200.png
2017-02-24 7:45:01 - cache/catalog/newProduct/333-200x200.png
2017-02-24 7:45:49 - cache/catalog/上线图片(1)-1140x380.jpg
2017-02-24 7:45:49 - cache/catalog/母乳图片(1)-1140x380.jpg
2017-02-24 7:45:49 - cache/catalog/营养膳食(1)-1140x380.jpg
2017-02-24 7:45:49 - cache/catalog/newProduct/产后开奶-200x200.png
2017-02-24 7:45:49 - cache/catalog/newProduct/泌乳三次套餐-200x200.png
2017-02-24 7:45:49 - cache/catalog/newProduct/555-200x200.png
2017-02-24 7:45:49 - cache/catalog/newProduct/333-200x200.png
2017-02-24 7:46:14 - cache/catalog/上线图片(1)-1140x380.jpg
2017-02-24 7:46:14 - cache/catalog/母乳图片(1)-1140x380.jpg
2017-02-24 7:46:14 - cache/catalog/营养膳食(1)-1140x380.jpg
2017-02-24 7:46:14 - cache/catalog/newProduct/产后开奶-200x200.png
2017-02-24 7:46:14 - cache/catalog/newProduct/泌乳三次套餐-200x200.png
2017-02-24 7:46:14 - cache/catalog/newProduct/555-200x200.png
2017-02-24 7:46:14 - cache/catalog/newProduct/333-200x200.png
