2017-02-24 7:45:01 - Enter catalog session.php!
2017-02-24 7:45:01 - Enter catalog startup.php!
2017-02-24 7:45:01 - Enter catalog error.php index
2017-02-24 7:45:01 - Enter catalog event.php
2017-02-24 7:45:01 - Enter catalog maintenance.php
2017-02-24 7:45:01 - Enter catalog seourl.php!
2017-02-24 7:45:01 - Enter catalog controller router
2017-02-24 7:45:49 - Enter catalog session.php!
2017-02-24 7:45:49 - Enter catalog startup.php!
2017-02-24 7:45:49 - Enter catalog error.php index
2017-02-24 7:45:49 - Enter catalog event.php
2017-02-24 7:45:49 - Enter catalog maintenance.php
2017-02-24 7:45:49 - Enter catalog seourl.php!
2017-02-24 7:45:49 - Enter catalog controller router
2017-02-24 7:46:14 - Enter catalog session.php!
2017-02-24 7:46:14 - Enter catalog startup.php!
2017-02-24 7:46:14 - Enter catalog error.php index
2017-02-24 7:46:14 - Enter catalog event.php
2017-02-24 7:46:14 - Enter catalog maintenance.php
2017-02-24 7:46:14 - Enter catalog seourl.php!
2017-02-24 7:46:14 - Enter catalog controller router
2017-02-24 8:08:37 - Enter catalog session.php!
2017-02-24 8:08:37 - Enter catalog startup.php!
2017-02-24 8:08:37 - Enter catalog error.php index
2017-02-24 8:08:37 - Enter catalog event.php
2017-02-24 8:08:37 - Enter catalog maintenance.php
2017-02-24 8:08:37 - Enter catalog seourl.php!
2017-02-24 8:08:37 - Enter catalog controller router
2017-02-24 8:23:44 - Enter catalog session.php!
2017-02-24 8:23:44 - Enter catalog startup.php!
2017-02-24 8:23:44 - Enter catalog error.php index
2017-02-24 8:23:44 - Enter catalog event.php
2017-02-24 8:23:44 - Enter catalog maintenance.php
2017-02-24 8:23:44 - Enter catalog seourl.php!
2017-02-24 8:23:44 - Enter catalog controller router
2017-02-24 8:37:05 - Enter catalog session.php!
2017-02-24 8:37:05 - Enter catalog startup.php!
2017-02-24 8:37:05 - Enter catalog error.php index
2017-02-24 8:37:05 - Enter catalog event.php
2017-02-24 8:37:05 - Enter catalog maintenance.php
2017-02-24 8:37:05 - Enter catalog seourl.php!
2017-02-24 8:37:05 - Enter catalog controller router
2017-02-24 8:37:05 - Enter catalog error.php handler
2017-02-24 8:37:18 - Enter catalog session.php!
2017-02-24 8:37:18 - Enter catalog startup.php!
2017-02-24 8:37:18 - Enter catalog error.php index
2017-02-24 8:37:18 - Enter catalog event.php
2017-02-24 8:37:18 - Enter catalog maintenance.php
2017-02-24 8:37:18 - Enter catalog seourl.php!
2017-02-24 8:37:18 - Enter catalog controller router
2017-02-24 8:37:18 - Enter catalog error.php handler
